<?xml version="1.0" encoding="UTF-8"?>
<!-- Generated by org.testng.reporters.JUnitXMLReporter -->
<testsuite hostname="daisy-Aspire-one" name="Default test" tests="4" failures="0" timestamp="18 Jul 2015 05:51:12 GMT" time="67.076" errors="0">
  <testcase name="f" time="2.196" classname="home_page_features.DataProviderTest"/>
  <testcase name="f" time="2.032" classname="home_page_features.DataProviderTest"/>
  <testcase name="f" time="2.155" classname="home_page_features.DataProviderTest"/>
  <testcase name="f" time="1.277" classname="home_page_features.DataProviderTest"/>
</testsuite> <!-- Default test -->
